<?xml version="1.0" encoding="UTF-8"?>
<!-- Generated by org.testng.reporters.JUnitXMLReporter -->
<testsuite ignored="0" hostname="Rifa-AgileIt" failures="4" tests="11" name="Test" time="247.372" errors="0" timestamp="2024-04-18T15:09:45 IST">
  <testcase classname="org.bus.CreatePost" name="crtPost" time="36.899"/>
  <testcase classname="org.bus.HiringToggleButton" name="hirTogBut" time="31.534">
    <failure type="org.openqa.selenium.ElementClickInterceptedException" message="element click intercepted: Element &amp;lt;input type=&amp;quot;checkbox&amp;quot; role=&amp;quot;switch&amp;quot; class=&amp;quot;mat-slide-toggle-input cdk-visually-hidden&amp;quot; id=&amp;quot;mat-slide-toggle-6-input&amp;quot; tabindex=&amp;quot;0&amp;quot; aria-checked=&amp;quot;true&amp;quot;&amp;gt; is not clickable at point (348, 144). Other element would receive the click: &amp;lt;label class=&amp;quot;mat-slide-toggle-label&amp;quot; for=&amp;quot;mat-slide-toggle-6-input&amp;quot;&amp;gt;...&amp;lt;/label&amp;gt;
  (Session info: chrome=124.0.6367.60)
Build info: version: &amp;apos;4.18.1&amp;apos;, revision: &amp;apos;b1d3319b48&amp;apos;
System info: os.name: &amp;apos;Windows 10&amp;apos;, os.arch: &amp;apos;amd64&amp;apos;, os.version: &amp;apos;10.0&amp;apos;, java.version: &amp;apos;11.0.21&amp;apos;
Driver info: org.openqa.selenium.chrome.ChromeDriver
Command: [fb0175b2c87e7d2bfd4399f6d7c99273, clickElement {id=f.CE8BF5E361E399CF50AE01B2AFA0F593.d.C74776E41A63C8876C90EB421E87BD54.e.46}]
Capabilities {acceptInsecureCerts: false, browserName: chrome, browserVersion: 124.0.6367.60, chrome: {chromedriverVersion: 124.0.6367.60 (8771130bd84f..., userDataDir: C:\Users\user\AppData\Local...}, fedcm:accounts: true, goog:chromeOptions: {debuggerAddress: localhost:54536}, networkConnectionEnabled: false, pageLoadStrategy: normal, platformName: windows, proxy: Proxy(), se:cdp: ws://localhost:54536/devtoo..., se:cdpVersion: 124.0.6367.60, setWindowRect: true, strictFileInteractability: false, timeouts: {implicit: 0, pageLoad: 300000, script: 30000}, unhandledPromptBehavior: dismiss and notify, webauthn:extension:credBlob: true, webauthn:extension:largeBlob: true, webauthn:extension:minPinLength: true, webauthn:extension:prf: true, webauthn:virtualAuthenticators: true}
Element: [[ChromeDriver: chrome on windows (fb0175b2c87e7d2bfd4399f6d7c99273)] -&amp;gt; xpath: //input[@id=&amp;apos;mat-slide-toggle-6-input&amp;apos;]]
Session ID: fb0175b2c87e7d2bfd4399f6d7c99273">
      <![CDATA[org.openqa.selenium.ElementClickInterceptedException: element click intercepted: Element <input type="checkbox" role="switch" class="mat-slide-toggle-input cdk-visually-hidden" id="mat-slide-toggle-6-input" tabindex="0" aria-checked="true"> is not clickable at point (348, 144). Other element would receive the click: <label class="mat-slide-toggle-label" for="mat-slide-toggle-6-input">...</label>
  (Session info: chrome=124.0.6367.60)
Build info: version: '4.18.1', revision: 'b1d3319b48'
System info: os.name: 'Windows 10', os.arch: 'amd64', os.version: '10.0', java.version: '11.0.21'
Driver info: org.openqa.selenium.chrome.ChromeDriver
Command: [fb0175b2c87e7d2bfd4399f6d7c99273, clickElement {id=f.CE8BF5E361E399CF50AE01B2AFA0F593.d.C74776E41A63C8876C90EB421E87BD54.e.46}]
Capabilities {acceptInsecureCerts: false, browserName: chrome, browserVersion: 124.0.6367.60, chrome: {chromedriverVersion: 124.0.6367.60 (8771130bd84f..., userDataDir: C:\Users\user\AppData\Local...}, fedcm:accounts: true, goog:chromeOptions: {debuggerAddress: localhost:54536}, networkConnectionEnabled: false, pageLoadStrategy: normal, platformName: windows, proxy: Proxy(), se:cdp: ws://localhost:54536/devtoo..., se:cdpVersion: 124.0.6367.60, setWindowRect: true, strictFileInteractability: false, timeouts: {implicit: 0, pageLoad: 300000, script: 30000}, unhandledPromptBehavior: dismiss and notify, webauthn:extension:credBlob: true, webauthn:extension:largeBlob: true, webauthn:extension:minPinLength: true, webauthn:extension:prf: true, webauthn:virtualAuthenticators: true}
Element: [[ChromeDriver: chrome on windows (fb0175b2c87e7d2bfd4399f6d7c99273)] -> xpath: //input[@id='mat-slide-toggle-6-input']]
Session ID: fb0175b2c87e7d2bfd4399f6d7c99273
at org.openqa.selenium.remote.ErrorCodec.decode(ErrorCodec.java:167)
at org.openqa.selenium.remote.codec.w3c.W3CHttpResponseCodec.decode(W3CHttpResponseCodec.java:138)
at org.openqa.selenium.remote.codec.w3c.W3CHttpResponseCodec.decode(W3CHttpResponseCodec.java:50)
at org.openqa.selenium.remote.HttpCommandExecutor.execute(HttpCommandExecutor.java:190)
at org.openqa.selenium.remote.service.DriverCommandExecutor.invokeExecute(DriverCommandExecutor.java:216)
at org.openqa.selenium.remote.service.DriverCommandExecutor.execute(DriverCommandExecutor.java:174)
at org.openqa.selenium.remote.RemoteWebDriver.execute(RemoteWebDriver.java:519)
at org.openqa.selenium.remote.RemoteWebElement.execute(RemoteWebElement.java:223)
at org.openqa.selenium.remote.RemoteWebElement.click(RemoteWebElement.java:76)
at org.bus.HiringToggleButton.hirTogBut(HiringToggleButton.java:21)
at java.base/java.util.ArrayList.forEach(ArrayList.java:1541)
... Removed 31 stack frames]]>
    </failure>
  </testcase> <!-- hirTogBut -->
  <testcase classname="org.bus.HomeButtons" name="pipBtn" time="1.087">
    <failure type="org.openqa.selenium.ElementClickInterceptedException" message="element click intercepted: Element &amp;lt;span&amp;gt;...&amp;lt;/span&amp;gt; is not clickable at point (96, 255). Other element would receive the click: &amp;lt;label _ngcontent-wyp-c275=&amp;quot;&amp;quot; class=&amp;quot;looking-label&amp;quot;&amp;gt;...&amp;lt;/label&amp;gt;
  (Session info: chrome=124.0.6367.60)
Build info: version: &amp;apos;4.18.1&amp;apos;, revision: &amp;apos;b1d3319b48&amp;apos;
System info: os.name: &amp;apos;Windows 10&amp;apos;, os.arch: &amp;apos;amd64&amp;apos;, os.version: &amp;apos;10.0&amp;apos;, java.version: &amp;apos;11.0.21&amp;apos;
Driver info: org.openqa.selenium.chrome.ChromeDriver
Command: [fb0175b2c87e7d2bfd4399f6d7c99273, clickElement {id=f.CE8BF5E361E399CF50AE01B2AFA0F593.d.C74776E41A63C8876C90EB421E87BD54.e.121}]
Capabilities {acceptInsecureCerts: false, browserName: chrome, browserVersion: 124.0.6367.60, chrome: {chromedriverVersion: 124.0.6367.60 (8771130bd84f..., userDataDir: C:\Users\user\AppData\Local...}, fedcm:accounts: true, goog:chromeOptions: {debuggerAddress: localhost:54536}, networkConnectionEnabled: false, pageLoadStrategy: normal, platformName: windows, proxy: Proxy(), se:cdp: ws://localhost:54536/devtoo..., se:cdpVersion: 124.0.6367.60, setWindowRect: true, strictFileInteractability: false, timeouts: {implicit: 0, pageLoad: 300000, script: 30000}, unhandledPromptBehavior: dismiss and notify, webauthn:extension:credBlob: true, webauthn:extension:largeBlob: true, webauthn:extension:minPinLength: true, webauthn:extension:prf: true, webauthn:virtualAuthenticators: true}
Element: [[ChromeDriver: chrome on windows (fb0175b2c87e7d2bfd4399f6d7c99273)] -&amp;gt; xpath: //span[contains(text(),&amp;apos;Pipeline&amp;apos;)]]
Session ID: fb0175b2c87e7d2bfd4399f6d7c99273">
      <![CDATA[org.openqa.selenium.ElementClickInterceptedException: element click intercepted: Element <span>...</span> is not clickable at point (96, 255). Other element would receive the click: <label _ngcontent-wyp-c275="" class="looking-label">...</label>
  (Session info: chrome=124.0.6367.60)
Build info: version: '4.18.1', revision: 'b1d3319b48'
System info: os.name: 'Windows 10', os.arch: 'amd64', os.version: '10.0', java.version: '11.0.21'
Driver info: org.openqa.selenium.chrome.ChromeDriver
Command: [fb0175b2c87e7d2bfd4399f6d7c99273, clickElement {id=f.CE8BF5E361E399CF50AE01B2AFA0F593.d.C74776E41A63C8876C90EB421E87BD54.e.121}]
Capabilities {acceptInsecureCerts: false, browserName: chrome, browserVersion: 124.0.6367.60, chrome: {chromedriverVersion: 124.0.6367.60 (8771130bd84f..., userDataDir: C:\Users\user\AppData\Local...}, fedcm:accounts: true, goog:chromeOptions: {debuggerAddress: localhost:54536}, networkConnectionEnabled: false, pageLoadStrategy: normal, platformName: windows, proxy: Proxy(), se:cdp: ws://localhost:54536/devtoo..., se:cdpVersion: 124.0.6367.60, setWindowRect: true, strictFileInteractability: false, timeouts: {implicit: 0, pageLoad: 300000, script: 30000}, unhandledPromptBehavior: dismiss and notify, webauthn:extension:credBlob: true, webauthn:extension:largeBlob: true, webauthn:extension:minPinLength: true, webauthn:extension:prf: true, webauthn:virtualAuthenticators: true}
Element: [[ChromeDriver: chrome on windows (fb0175b2c87e7d2bfd4399f6d7c99273)] -> xpath: //span[contains(text(),'Pipeline')]]
Session ID: fb0175b2c87e7d2bfd4399f6d7c99273
at org.openqa.selenium.remote.ErrorCodec.decode(ErrorCodec.java:167)
at org.openqa.selenium.remote.codec.w3c.W3CHttpResponseCodec.decode(W3CHttpResponseCodec.java:138)
at org.openqa.selenium.remote.codec.w3c.W3CHttpResponseCodec.decode(W3CHttpResponseCodec.java:50)
at org.openqa.selenium.remote.HttpCommandExecutor.execute(HttpCommandExecutor.java:190)
at org.openqa.selenium.remote.service.DriverCommandExecutor.invokeExecute(DriverCommandExecutor.java:216)
at org.openqa.selenium.remote.service.DriverCommandExecutor.execute(DriverCommandExecutor.java:174)
at org.openqa.selenium.remote.RemoteWebDriver.execute(RemoteWebDriver.java:519)
at org.openqa.selenium.remote.RemoteWebElement.execute(RemoteWebElement.java:223)
at org.openqa.selenium.remote.RemoteWebElement.click(RemoteWebElement.java:76)
at org.bus.HomeButtons.pipBtn(HomeButtons.java:32)
at java.base/java.util.ArrayList.forEach(ArrayList.java:1541)
... Removed 31 stack frames]]>
    </failure>
  </testcase> <!-- pipBtn -->
  <testcase classname="org.bus.HomeButtons" name="roleBtn" time="1.142">
    <failure type="org.openqa.selenium.ElementClickInterceptedException" message="element click intercepted: Element &amp;lt;span&amp;gt;...&amp;lt;/span&amp;gt; is not clickable at point (86, 310). Other element would receive the click: &amp;lt;div _ngcontent-wyp-c275=&amp;quot;&amp;quot;&amp;gt;...&amp;lt;/div&amp;gt;
  (Session info: chrome=124.0.6367.60)
Build info: version: &amp;apos;4.18.1&amp;apos;, revision: &amp;apos;b1d3319b48&amp;apos;
System info: os.name: &amp;apos;Windows 10&amp;apos;, os.arch: &amp;apos;amd64&amp;apos;, os.version: &amp;apos;10.0&amp;apos;, java.version: &amp;apos;11.0.21&amp;apos;
Driver info: org.openqa.selenium.chrome.ChromeDriver
Command: [fb0175b2c87e7d2bfd4399f6d7c99273, clickElement {id=f.CE8BF5E361E399CF50AE01B2AFA0F593.d.C74776E41A63C8876C90EB421E87BD54.e.122}]
Capabilities {acceptInsecureCerts: false, browserName: chrome, browserVersion: 124.0.6367.60, chrome: {chromedriverVersion: 124.0.6367.60 (8771130bd84f..., userDataDir: C:\Users\user\AppData\Local...}, fedcm:accounts: true, goog:chromeOptions: {debuggerAddress: localhost:54536}, networkConnectionEnabled: false, pageLoadStrategy: normal, platformName: windows, proxy: Proxy(), se:cdp: ws://localhost:54536/devtoo..., se:cdpVersion: 124.0.6367.60, setWindowRect: true, strictFileInteractability: false, timeouts: {implicit: 0, pageLoad: 300000, script: 30000}, unhandledPromptBehavior: dismiss and notify, webauthn:extension:credBlob: true, webauthn:extension:largeBlob: true, webauthn:extension:minPinLength: true, webauthn:extension:prf: true, webauthn:virtualAuthenticators: true}
Element: [[ChromeDriver: chrome on windows (fb0175b2c87e7d2bfd4399f6d7c99273)] -&amp;gt; xpath: //span[contains(text(),&amp;apos;Roles&amp;apos;)]]
Session ID: fb0175b2c87e7d2bfd4399f6d7c99273">
      <![CDATA[org.openqa.selenium.ElementClickInterceptedException: element click intercepted: Element <span>...</span> is not clickable at point (86, 310). Other element would receive the click: <div _ngcontent-wyp-c275="">...</div>
  (Session info: chrome=124.0.6367.60)
Build info: version: '4.18.1', revision: 'b1d3319b48'
System info: os.name: 'Windows 10', os.arch: 'amd64', os.version: '10.0', java.version: '11.0.21'
Driver info: org.openqa.selenium.chrome.ChromeDriver
Command: [fb0175b2c87e7d2bfd4399f6d7c99273, clickElement {id=f.CE8BF5E361E399CF50AE01B2AFA0F593.d.C74776E41A63C8876C90EB421E87BD54.e.122}]
Capabilities {acceptInsecureCerts: false, browserName: chrome, browserVersion: 124.0.6367.60, chrome: {chromedriverVersion: 124.0.6367.60 (8771130bd84f..., userDataDir: C:\Users\user\AppData\Local...}, fedcm:accounts: true, goog:chromeOptions: {debuggerAddress: localhost:54536}, networkConnectionEnabled: false, pageLoadStrategy: normal, platformName: windows, proxy: Proxy(), se:cdp: ws://localhost:54536/devtoo..., se:cdpVersion: 124.0.6367.60, setWindowRect: true, strictFileInteractability: false, timeouts: {implicit: 0, pageLoad: 300000, script: 30000}, unhandledPromptBehavior: dismiss and notify, webauthn:extension:credBlob: true, webauthn:extension:largeBlob: true, webauthn:extension:minPinLength: true, webauthn:extension:prf: true, webauthn:virtualAuthenticators: true}
Element: [[ChromeDriver: chrome on windows (fb0175b2c87e7d2bfd4399f6d7c99273)] -> xpath: //span[contains(text(),'Roles')]]
Session ID: fb0175b2c87e7d2bfd4399f6d7c99273
at org.openqa.selenium.remote.ErrorCodec.decode(ErrorCodec.java:167)
at org.openqa.selenium.remote.codec.w3c.W3CHttpResponseCodec.decode(W3CHttpResponseCodec.java:138)
at org.openqa.selenium.remote.codec.w3c.W3CHttpResponseCodec.decode(W3CHttpResponseCodec.java:50)
at org.openqa.selenium.remote.HttpCommandExecutor.execute(HttpCommandExecutor.java:190)
at org.openqa.selenium.remote.service.DriverCommandExecutor.invokeExecute(DriverCommandExecutor.java:216)
at org.openqa.selenium.remote.service.DriverCommandExecutor.execute(DriverCommandExecutor.java:174)
at org.openqa.selenium.remote.RemoteWebDriver.execute(RemoteWebDriver.java:519)
at org.openqa.selenium.remote.RemoteWebElement.execute(RemoteWebElement.java:223)
at org.openqa.selenium.remote.RemoteWebElement.click(RemoteWebElement.java:76)
at org.bus.HomeButtons.roleBtn(HomeButtons.java:50)
at java.base/java.util.ArrayList.forEach(ArrayList.java:1541)
... Removed 31 stack frames]]>
    </failure>
  </testcase> <!-- roleBtn -->
  <testcase classname="org.bus.HomeButtons" name="calBut" time="1.241">
    <failure type="org.openqa.selenium.ElementClickInterceptedException" message="element click intercepted: Element &amp;lt;span&amp;gt;...&amp;lt;/span&amp;gt; is not clickable at point (102, 365). Other element would receive the click: &amp;lt;div _ngcontent-wyp-c275=&amp;quot;&amp;quot; class=&amp;quot;d-flex&amp;quot; style=&amp;quot;justify-content: space-between;&amp;quot;&amp;gt;...&amp;lt;/div&amp;gt;
  (Session info: chrome=124.0.6367.60)
Build info: version: &amp;apos;4.18.1&amp;apos;, revision: &amp;apos;b1d3319b48&amp;apos;
System info: os.name: &amp;apos;Windows 10&amp;apos;, os.arch: &amp;apos;amd64&amp;apos;, os.version: &amp;apos;10.0&amp;apos;, java.version: &amp;apos;11.0.21&amp;apos;
Driver info: org.openqa.selenium.chrome.ChromeDriver
Command: [fb0175b2c87e7d2bfd4399f6d7c99273, clickElement {id=f.CE8BF5E361E399CF50AE01B2AFA0F593.d.C74776E41A63C8876C90EB421E87BD54.e.123}]
Capabilities {acceptInsecureCerts: false, browserName: chrome, browserVersion: 124.0.6367.60, chrome: {chromedriverVersion: 124.0.6367.60 (8771130bd84f..., userDataDir: C:\Users\user\AppData\Local...}, fedcm:accounts: true, goog:chromeOptions: {debuggerAddress: localhost:54536}, networkConnectionEnabled: false, pageLoadStrategy: normal, platformName: windows, proxy: Proxy(), se:cdp: ws://localhost:54536/devtoo..., se:cdpVersion: 124.0.6367.60, setWindowRect: true, strictFileInteractability: false, timeouts: {implicit: 0, pageLoad: 300000, script: 30000}, unhandledPromptBehavior: dismiss and notify, webauthn:extension:credBlob: true, webauthn:extension:largeBlob: true, webauthn:extension:minPinLength: true, webauthn:extension:prf: true, webauthn:virtualAuthenticators: true}
Element: [[ChromeDriver: chrome on windows (fb0175b2c87e7d2bfd4399f6d7c99273)] -&amp;gt; xpath: //span[contains(text(),&amp;apos;Calendar&amp;apos;)]]
Session ID: fb0175b2c87e7d2bfd4399f6d7c99273">
      <![CDATA[org.openqa.selenium.ElementClickInterceptedException: element click intercepted: Element <span>...</span> is not clickable at point (102, 365). Other element would receive the click: <div _ngcontent-wyp-c275="" class="d-flex" style="justify-content: space-between;">...</div>
  (Session info: chrome=124.0.6367.60)
Build info: version: '4.18.1', revision: 'b1d3319b48'
System info: os.name: 'Windows 10', os.arch: 'amd64', os.version: '10.0', java.version: '11.0.21'
Driver info: org.openqa.selenium.chrome.ChromeDriver
Command: [fb0175b2c87e7d2bfd4399f6d7c99273, clickElement {id=f.CE8BF5E361E399CF50AE01B2AFA0F593.d.C74776E41A63C8876C90EB421E87BD54.e.123}]
Capabilities {acceptInsecureCerts: false, browserName: chrome, browserVersion: 124.0.6367.60, chrome: {chromedriverVersion: 124.0.6367.60 (8771130bd84f..., userDataDir: C:\Users\user\AppData\Local...}, fedcm:accounts: true, goog:chromeOptions: {debuggerAddress: localhost:54536}, networkConnectionEnabled: false, pageLoadStrategy: normal, platformName: windows, proxy: Proxy(), se:cdp: ws://localhost:54536/devtoo..., se:cdpVersion: 124.0.6367.60, setWindowRect: true, strictFileInteractability: false, timeouts: {implicit: 0, pageLoad: 300000, script: 30000}, unhandledPromptBehavior: dismiss and notify, webauthn:extension:credBlob: true, webauthn:extension:largeBlob: true, webauthn:extension:minPinLength: true, webauthn:extension:prf: true, webauthn:virtualAuthenticators: true}
Element: [[ChromeDriver: chrome on windows (fb0175b2c87e7d2bfd4399f6d7c99273)] -> xpath: //span[contains(text(),'Calendar')]]
Session ID: fb0175b2c87e7d2bfd4399f6d7c99273
at org.openqa.selenium.remote.ErrorCodec.decode(ErrorCodec.java:167)
at org.openqa.selenium.remote.codec.w3c.W3CHttpResponseCodec.decode(W3CHttpResponseCodec.java:138)
at org.openqa.selenium.remote.codec.w3c.W3CHttpResponseCodec.decode(W3CHttpResponseCodec.java:50)
at org.openqa.selenium.remote.HttpCommandExecutor.execute(HttpCommandExecutor.java:190)
at org.openqa.selenium.remote.service.DriverCommandExecutor.invokeExecute(DriverCommandExecutor.java:216)
at org.openqa.selenium.remote.service.DriverCommandExecutor.execute(DriverCommandExecutor.java:174)
at org.openqa.selenium.remote.RemoteWebDriver.execute(RemoteWebDriver.java:519)
at org.openqa.selenium.remote.RemoteWebElement.execute(RemoteWebElement.java:223)
at org.openqa.selenium.remote.RemoteWebElement.click(RemoteWebElement.java:76)
at org.bus.HomeButtons.calBut(HomeButtons.java:64)
at java.base/java.util.ArrayList.forEach(ArrayList.java:1541)
... Removed 31 stack frames]]>
    </failure>
  </testcase> <!-- calBut -->
  <testcase classname="org.bus.HomeButtons" name="setBut" time="1.446"/>
  <testcase classname="org.bus.IndustryDropdown" name="typBus" time="33.388"/>
  <testcase classname="org.bus.locDrop" name="typBus" time="29.088"/>
  <testcase classname="org.bus.Login" name="loginBus" time="24.731"/>
  <testcase classname="org.bus.PostaRole" name="postRole" time="26.819"/>
  <testcase classname="org.bus.TypeofBusiness" name="typBus" time="38.052"/>
</testsuite> <!-- Test -->
