<?xml version="1.0" encoding="UTF-8"?>
<!-- Generated by org.testng.reporters.JUnitXMLReporter -->
<testsuite ignored="0" hostname="Rifa-AgileIt" failures="1" tests="1" name="Test(failed)" time="27.715" errors="0" timestamp="2024-04-05T16:54:14 IST">
  <testcase classname="org.viewprof.SalaryBase" name="salBase" time="27.646">
    <failure type="org.openqa.selenium.ElementClickInterceptedException" message="element click intercepted: Element &amp;lt;mat-select _ngcontent-npu-c212=&amp;quot;&amp;quot; role=&amp;quot;combobox&amp;quot; aria-autocomplete=&amp;quot;none&amp;quot; aria-haspopup=&amp;quot;true&amp;quot; name=&amp;quot;salary&amp;quot; placeholder=&amp;quot;Select option&amp;quot; disableoptioncentering=&amp;quot;&amp;quot; panelclass=&amp;quot;myPanelClass2&amp;quot; class=&amp;quot;mat-select ng-tns-c71-64 ng-tns-c68-63 ng-untouched ng-pristine ng-valid ng-star-inserted&amp;quot; aria-labelledby=&amp;quot;mat-select-value-31&amp;quot; id=&amp;quot;mat-select-30&amp;quot; tabindex=&amp;quot;0&amp;quot; aria-expanded=&amp;quot;true&amp;quot; aria-required=&amp;quot;false&amp;quot; aria-disabled=&amp;quot;false&amp;quot; aria-invalid=&amp;quot;false&amp;quot; aria-controls=&amp;quot;mat-select-30-panel&amp;quot; aria-activedescendant=&amp;quot;mat-option-278&amp;quot;&amp;gt;...&amp;lt;/mat-select&amp;gt; is not clickable at point (297, 46). Other element would receive the click: &amp;lt;div class=&amp;quot;cdk-overlay-backdrop cdk-overlay-transparent-backdrop cdk-overlay-backdrop-showing&amp;quot;&amp;gt;&amp;lt;/div&amp;gt;
  (Session info: chrome=123.0.6312.88)
Build info: version: &amp;apos;4.18.1&amp;apos;, revision: &amp;apos;b1d3319b48&amp;apos;
System info: os.name: &amp;apos;Windows 10&amp;apos;, os.arch: &amp;apos;amd64&amp;apos;, os.version: &amp;apos;10.0&amp;apos;, java.version: &amp;apos;11.0.21&amp;apos;
Driver info: org.openqa.selenium.chrome.ChromeDriver
Command: [95a015ef4228a3346ec816233385162d, clickElement {id=f.29C9450BF3C1052FDDC863C52103B381.d.6468DFEF89717875F3AD4B8612A2E5E0.e.225}]
Capabilities {acceptInsecureCerts: false, browserName: chrome, browserVersion: 123.0.6312.88, chrome: {chromedriverVersion: 123.0.6312.105 (399174dbe6e..., userDataDir: C:\Users\user\AppData\Local...}, fedcm:accounts: true, goog:chromeOptions: {debuggerAddress: localhost:64479}, networkConnectionEnabled: false, pageLoadStrategy: normal, platformName: windows, proxy: Proxy(), se:cdp: ws://localhost:64479/devtoo..., se:cdpVersion: 123.0.6312.88, setWindowRect: true, strictFileInteractability: false, timeouts: {implicit: 0, pageLoad: 300000, script: 30000}, unhandledPromptBehavior: dismiss and notify, webauthn:extension:credBlob: true, webauthn:extension:largeBlob: true, webauthn:extension:minPinLength: true, webauthn:extension:prf: true, webauthn:virtualAuthenticators: true}
Element: [[ChromeDriver: chrome on windows (95a015ef4228a3346ec816233385162d)] -&amp;gt; xpath: //mat-select[@name=&amp;apos;salary&amp;apos;]]
Session ID: 95a015ef4228a3346ec816233385162d">
      <![CDATA[org.openqa.selenium.ElementClickInterceptedException: element click intercepted: Element <mat-select _ngcontent-npu-c212="" role="combobox" aria-autocomplete="none" aria-haspopup="true" name="salary" placeholder="Select option" disableoptioncentering="" panelclass="myPanelClass2" class="mat-select ng-tns-c71-64 ng-tns-c68-63 ng-untouched ng-pristine ng-valid ng-star-inserted" aria-labelledby="mat-select-value-31" id="mat-select-30" tabindex="0" aria-expanded="true" aria-required="false" aria-disabled="false" aria-invalid="false" aria-controls="mat-select-30-panel" aria-activedescendant="mat-option-278">...</mat-select> is not clickable at point (297, 46). Other element would receive the click: <div class="cdk-overlay-backdrop cdk-overlay-transparent-backdrop cdk-overlay-backdrop-showing"></div>
  (Session info: chrome=123.0.6312.88)
Build info: version: '4.18.1', revision: 'b1d3319b48'
System info: os.name: 'Windows 10', os.arch: 'amd64', os.version: '10.0', java.version: '11.0.21'
Driver info: org.openqa.selenium.chrome.ChromeDriver
Command: [95a015ef4228a3346ec816233385162d, clickElement {id=f.29C9450BF3C1052FDDC863C52103B381.d.6468DFEF89717875F3AD4B8612A2E5E0.e.225}]
Capabilities {acceptInsecureCerts: false, browserName: chrome, browserVersion: 123.0.6312.88, chrome: {chromedriverVersion: 123.0.6312.105 (399174dbe6e..., userDataDir: C:\Users\user\AppData\Local...}, fedcm:accounts: true, goog:chromeOptions: {debuggerAddress: localhost:64479}, networkConnectionEnabled: false, pageLoadStrategy: normal, platformName: windows, proxy: Proxy(), se:cdp: ws://localhost:64479/devtoo..., se:cdpVersion: 123.0.6312.88, setWindowRect: true, strictFileInteractability: false, timeouts: {implicit: 0, pageLoad: 300000, script: 30000}, unhandledPromptBehavior: dismiss and notify, webauthn:extension:credBlob: true, webauthn:extension:largeBlob: true, webauthn:extension:minPinLength: true, webauthn:extension:prf: true, webauthn:virtualAuthenticators: true}
Element: [[ChromeDriver: chrome on windows (95a015ef4228a3346ec816233385162d)] -> xpath: //mat-select[@name='salary']]
Session ID: 95a015ef4228a3346ec816233385162d
at org.openqa.selenium.remote.ErrorCodec.decode(ErrorCodec.java:167)
at org.openqa.selenium.remote.codec.w3c.W3CHttpResponseCodec.decode(W3CHttpResponseCodec.java:138)
at org.openqa.selenium.remote.codec.w3c.W3CHttpResponseCodec.decode(W3CHttpResponseCodec.java:50)
at org.openqa.selenium.remote.HttpCommandExecutor.execute(HttpCommandExecutor.java:190)
at org.openqa.selenium.remote.service.DriverCommandExecutor.invokeExecute(DriverCommandExecutor.java:216)
at org.openqa.selenium.remote.service.DriverCommandExecutor.execute(DriverCommandExecutor.java:174)
at org.openqa.selenium.remote.RemoteWebDriver.execute(RemoteWebDriver.java:519)
at org.openqa.selenium.remote.RemoteWebElement.execute(RemoteWebElement.java:223)
at org.openqa.selenium.remote.RemoteWebElement.click(RemoteWebElement.java:76)
at org.viewprof.SalaryBase.salBase(SalaryBase.java:32)
at java.base/java.util.ArrayList.forEach(ArrayList.java:1541)
... Removed 31 stack frames]]>
    </failure>
  </testcase> <!-- salBase -->
</testsuite> <!-- Test(failed) -->
